<?xml version="1.0" encoding="UTF-8"?>
<!-- Generated by org.testng.reporters.JUnitXMLReporter -->
<testsuite ignored="0" hostname="AnkurChauhan-FVFGWNEDQ05D" failures="0" tests="3" name="LocalTest" time="16.419" errors="0" timestamp="2023-05-05T11:09:14 IST">
  <testcase classname="com.browserstack.LocalTest" name="LocalSafaritest" time="8.736"/>
  <testcase classname="com.browserstack.LocalTest" name="testLocalChrome" time="10.07"/>
  <testcase classname="com.browserstack.LocalTest" name="testLocalFirefox" time="15.147"/>
</testsuite> <!-- LocalTest -->
